Traceback (most recent call last):
  File "/Users/oskarhallatschek/anaconda3/envs/jb/lib/python3.9/site-packages/jupyter_cache/executors/utils.py", line 58, in single_nb_execution
    executenb(
  File "/Users/oskarhallatschek/anaconda3/envs/jb/lib/python3.9/site-packages/nbclient/client.py", line 1305, in execute
    return NotebookClient(nb=nb, resources=resources, km=km, **kwargs).execute()
  File "/Users/oskarhallatschek/anaconda3/envs/jb/lib/python3.9/site-packages/jupyter_core/utils/__init__.py", line 166, in wrapped
    return loop.run_until_complete(inner)
  File "/Users/oskarhallatschek/anaconda3/envs/jb/lib/python3.9/asyncio/base_events.py", line 647, in run_until_complete
    return future.result()
  File "/Users/oskarhallatschek/anaconda3/envs/jb/lib/python3.9/site-packages/nbclient/client.py", line 705, in async_execute
    await self.async_execute_cell(
  File "/Users/oskarhallatschek/anaconda3/envs/jb/lib/python3.9/site-packages/nbclient/client.py", line 1058, in async_execute_cell
    await self._check_raise_for_error(cell, cell_index, exec_reply)
  File "/Users/oskarhallatschek/anaconda3/envs/jb/lib/python3.9/site-packages/nbclient/client.py", line 914, in _check_raise_for_error
    raise CellExecutionError.from_cell_and_msg(cell, exec_reply_content)
nbclient.exceptions.CellExecutionError: An error occurred while executing the following cell:
------------------
:tags: [hide-cell]
:mystnb:
:  code_prompt_show: "My show prompt for {type}"
:  code_prompt_hide: "My hide prompt for {type}"

import numpy as np
import matplotlib.pyplot as plt
# allow TeX
plt.rcParams['text.usetex'] = True
plt.figure(dpi=150)

s = 0.1
tmax = 10
t = np.linspace(start=0, stop=tmax, num=100)
y = s/(1-(1-s)*np.exp(-s*t)) 

# Add title and axis names
plt.title(r'Time-dependent survival probability for selective advantage $s = 0.1$')
plt.xlabel(r'$t- \tau $')
plt.ylabel(r'$u(t-\tau)$')

plt.hlines(y = s, xmin= 0 , xmax=tmax, colors='purple', linestyles='--', lw=2, label='s')

plt.plot(t, y)
plt.show()
------------------


[0;36m  Cell [0;32mIn[1], line 1[0;36m[0m
[0;31m    :tags: [hide-cell][0m
[0m    ^[0m
[0;31mSyntaxError[0m[0;31m:[0m invalid syntax


